<?xml version="1.0" encoding="UTF-8"?>
<!-- Generated by org.testng.reporters.JUnitXMLReporter -->
<testsuite ignored="0" hostname="DESKTOP-JAS0CHU" failures="0" tests="5" name="Test" time="35.928" errors="0" timestamp="2024-12-10T06:33:06 IST">
  <testcase classname="Testcases.MakeMyTripFlighSearch" name="SearchWithValidFlightDetails" time="7.521"/>
  <testcase classname="Testcases.MakeMyTripFlighSearch" name="SearchWithValidFlightDetails" time="9.846"/>
  <testcase classname="Testcases.MakeMyTripFlighSearch" name="SearchWithValidFlightDetails" time="9.597"/>
  <testcase classname="Testcases.MakeMyTripFlighSearch" name="SearchWithSameLocation" time="2.159"/>
  <testcase classname="Testcases.MakeMyTripFlighSearch" name="SearchWithSameLocation" time="0.776"/>
</testsuite> <!-- Test -->
