<?xml version="1.0" encoding="UTF-8"?>
<!-- Generated by org.testng.reporters.JUnitXMLReporter -->
<testsuite ignored="1" hostname="DESKTOP-5VGD0PP" failures="1" tests="3" name="Test" time="0.065" errors="0" timestamp="2024-12-03T05:53:35 IST">
  <testcase classname="TestNgCommands.TestNgcomands" name="testcase2" time="0.01"/>
  <testcase classname="TestNgCommands.TestNgcomands" name="testcase3" time="0.024">
    <failure type="org.testng.internal.thread.ThreadTimeoutException" message="Method TestNgCommands.TestNgcomands.testcase3() didn&amp;apos;t finish within the time-out 10">
      <![CDATA[org.testng.internal.thread.ThreadTimeoutException: Method TestNgCommands.TestNgcomands.testcase3() didn't finish within the time-out 10
at java.base/java.lang.Thread.sleep0(Native Method)
at java.base/java.lang.Thread.sleep(Thread.java:509)
at TestNgCommands.TestNgcomands.testcase3(TestNgcomands.java:24)
at java.base/java.util.concurrent.FutureTask.run(FutureTask.java:317)
at java.base/java.util.concurrent.ThreadPoolExecutor.runWorker(ThreadPoolExecutor.java:1144)
at java.base/java.util.concurrent.ThreadPoolExecutor$Worker.run(ThreadPoolExecutor.java:642)
at java.base/java.lang.Thread.run(Thread.java:1583)
... Removed 6 stack frames]]>
    </failure>
  </testcase> <!-- testcase3 -->
  <testcase classname="TestNgCommands.TestNGcommands1" name="testcase4" time="0.001"/>
  <testcase classname="TestNgCommands.TestNgcomands" name="testcase1" time="0.0">
    <ignored/>
  </testcase> <!-- testcase1 -->
</testsuite> <!-- Test -->
