<?xml version="1.0" encoding="UTF-8"?>
<testng-results ignored="0" total="1" passed="1" failed="0" skipped="0">
  <reporter-output>
  </reporter-output>
  <suite started-at="2024-11-26T06:27:29 IST" name="Default suite" finished-at="2024-11-26T06:27:35 IST" duration-ms="6162">
    <groups>
    </groups>
    <test started-at="2024-11-26T06:27:29 IST" name="Default test" finished-at="2024-11-26T06:27:35 IST" duration-ms="6162">
      <class name="TestingBasics.Upload">
        <test-method signature="uploadfile()[pri:0, instance:TestingBasics.Upload@1b7cc17c]" started-at="2024-11-26T06:27:29 IST" name="uploadfile" finished-at="2024-11-26T06:27:35 IST" duration-ms="6121" status="PASS">
          <reporter-output>
          </reporter-output>
        </test-method> <!-- uploadfile -->
      </class> <!-- TestingBasics.Upload -->
    </test> <!-- Default test -->
  </suite> <!-- Default suite -->
</testng-results>
